android/app/build/intermediates/manifest_merge_blame_file/debug/manifest-merger-blame-debug-report.txt
1<?xml version="1.0" encoding="utf-8"?>
2<manifest xmlns:android="http://schemas.android.com/apk/res/android"
3    package="vn.weathervietnam.jicamobileapp"
4    android:versionCode="1"
5    android:versionName="1.0" >
6
7    <uses-sdk
8        android:minSdkVersion="21"
9        android:targetSdkVersion="29" />
10
11    <uses-permission android:name="android.permission.SYSTEM_ALERT_WINDOW" />
11-->src/debug/AndroidManifest.xml:5:5-77
11-->src/debug/AndroidManifest.xml:5:22-75
12    <uses-permission android:name="android.permission.INTERNET" />
12-->src/main/AndroidManifest.xml:4:5-67
12-->src/main/AndroidManifest.xml:4:22-64
13    <uses-permission android:name="android.permission.ACCESS_COARSE_LOCATION" />
13-->src/main/AndroidManifest.xml:5:1-77
13-->src/main/AndroidManifest.xml:5:18-74
14    <uses-permission android:name="android.permission.ACCESS_FINE_LOCATION" />
14-->src/main/AndroidManifest.xml:6:1-75
14-->src/main/AndroidManifest.xml:6:18-72
15    <uses-permission android:name="android.permission.ACCESS_WIFI_STATE" />
15-->[com.facebook.flipper:flipper:0.75.1] AndroidManifest.xml:16:5-76
15-->[com.facebook.flipper:flipper:0.75.1] AndroidManifest.xml:16:22-73
16    <uses-permission android:name="android.permission.ACCESS_NETWORK_STATE" />
16-->[:react-native-community_netinfo] AndroidManifest.xml:9:5-79
16-->[:react-native-community_netinfo] AndroidManifest.xml:9:22-76
17    <uses-permission android:name="android.permission.WAKE_LOCK" /> <!-- Required by older versions of Google Play services to create IID tokens -->
17-->[:react-native-firebase_messaging] AndroidManifest.xml:12:5-68
17-->[:react-native-firebase_messaging] AndroidManifest.xml:12:22-65
18    <uses-permission android:name="com.google.android.c2dm.permission.RECEIVE" />
18-->[com.google.firebase:firebase-messaging:22.0.0] AndroidManifest.xml:25:5-82
18-->[com.google.firebase:firebase-messaging:22.0.0] AndroidManifest.xml:25:22-79
19
20    <uses-feature
20-->[com.google.android.gms:play-services-maps:17.0.0] AndroidManifest.xml:26:5-28:35
21        android:glEsVersion="0x00020000"
21-->[com.google.android.gms:play-services-maps:17.0.0] AndroidManifest.xml:27:9-41
22        android:required="true" />
22-->[com.google.android.gms:play-services-maps:17.0.0] AndroidManifest.xml:28:9-32
23
24    <application
24-->src/main/AndroidManifest.xml:7:5-31:19
25        android:name="vn.weathervietnam.jicamobileapp.MainApplication"
25-->src/main/AndroidManifest.xml:8:7-38
26        android:allowBackup="false"
26-->src/main/AndroidManifest.xml:12:7-34
27        android:appComponentFactory="androidx.core.app.CoreComponentFactory"
27-->[androidx.core:core:1.3.2] AndroidManifest.xml:24:18-86
28        android:debuggable="true"
29        android:icon="@mipmap/ic_launcher"
29-->src/main/AndroidManifest.xml:10:7-41
30        android:label="@string/app_name"
30-->src/main/AndroidManifest.xml:9:7-39
31        android:roundIcon="@mipmap/ic_launcher_round"
31-->src/main/AndroidManifest.xml:11:7-52
32        android:theme="@style/AppTheme"
32-->src/main/AndroidManifest.xml:13:7-38
33        android:usesCleartextTraffic="true" >
33-->src/debug/AndroidManifest.xml:8:9-44
34        <activity android:name="com.facebook.react.devsupport.DevSettingsActivity" />
34-->src/debug/AndroidManifest.xml:11:9-86
34-->src/debug/AndroidManifest.xml:11:19-83
35
36        <meta-data
36-->src/main/AndroidManifest.xml:14:7-16:63
37            android:name="com.google.android.geo.API_KEY"
37-->src/main/AndroidManifest.xml:15:6-51
38            android:value="AIzaSyAoYtl0rUUnnMk8AYjQjsIFN0qqzGc0Yb0" /> <!-- You will also only need to add this uses-library tag -->
38-->src/main/AndroidManifest.xml:16:6-61
39        <uses-library
39-->src/main/AndroidManifest.xml:19:4-82
40            android:name="org.apache.http.legacy"
40-->src/main/AndroidManifest.xml:19:18-55
41            android:required="false" />
41-->src/main/AndroidManifest.xml:19:56-80
42
43        <activity
43-->src/main/AndroidManifest.xml:20:7-30:18
44            android:name="vn.weathervietnam.jicamobileapp.MainActivity"
44-->src/main/AndroidManifest.xml:21:9-37
45            android:configChanges="keyboard|keyboardHidden|orientation|screenSize|uiMode"
45-->src/main/AndroidManifest.xml:23:9-86
46            android:label="@string/app_name"
46-->src/main/AndroidManifest.xml:22:9-41
47            android:launchMode="singleTask"
47-->src/main/AndroidManifest.xml:24:9-40
48            android:windowSoftInputMode="adjustPan" >
48-->src/main/AndroidManifest.xml:25:9-48
49            <intent-filter>
49-->src/main/AndroidManifest.xml:26:9-29:25
50                <action android:name="android.intent.action.MAIN" />
50-->src/main/AndroidManifest.xml:27:13-65
50-->src/main/AndroidManifest.xml:27:21-62
51
52                <category android:name="android.intent.category.LAUNCHER" />
52-->src/main/AndroidManifest.xml:28:13-73
52-->src/main/AndroidManifest.xml:28:23-70
53            </intent-filter>
54        </activity>
55
56        <service android:name="io.invertase.firebase.messaging.ReactNativeFirebaseMessagingHeadlessService" />
56-->[:react-native-firebase_messaging] AndroidManifest.xml:16:9-111
56-->[:react-native-firebase_messaging] AndroidManifest.xml:16:18-108
57        <service
57-->[:react-native-firebase_messaging] AndroidManifest.xml:17:9-23:19
58            android:name="io.invertase.firebase.messaging.ReactNativeFirebaseMessagingService"
58-->[:react-native-firebase_messaging] AndroidManifest.xml:18:13-95
59            android:exported="false" >
59-->[:react-native-firebase_messaging] AndroidManifest.xml:19:13-37
60            <intent-filter>
60-->[:react-native-firebase_messaging] AndroidManifest.xml:20:13-22:29
61                <action android:name="com.google.firebase.MESSAGING_EVENT" />
61-->[:react-native-firebase_messaging] AndroidManifest.xml:21:17-78
61-->[:react-native-firebase_messaging] AndroidManifest.xml:21:25-75
62            </intent-filter>
63        </service>
64
65        <receiver
65-->[:react-native-firebase_messaging] AndroidManifest.xml:25:9-32:20
66            android:name="io.invertase.firebase.messaging.ReactNativeFirebaseMessagingReceiver"
66-->[:react-native-firebase_messaging] AndroidManifest.xml:26:13-96
67            android:exported="true"
67-->[:react-native-firebase_messaging] AndroidManifest.xml:27:13-36
68            android:permission="com.google.android.c2dm.permission.SEND" >
68-->[:react-native-firebase_messaging] AndroidManifest.xml:28:13-73
69            <intent-filter>
69-->[:react-native-firebase_messaging] AndroidManifest.xml:29:13-31:29
70                <action android:name="com.google.android.c2dm.intent.RECEIVE" />
70-->[:react-native-firebase_messaging] AndroidManifest.xml:30:17-81
70-->[:react-native-firebase_messaging] AndroidManifest.xml:30:25-78
71            </intent-filter>
72        </receiver>
73
74        <meta-data
74-->[:react-native-firebase_messaging] AndroidManifest.xml:34:9-36:36
75            android:name="firebase_messaging_auto_init_enabled"
75-->[:react-native-firebase_messaging] AndroidManifest.xml:35:13-64
76            android:value="true" />
76-->[:react-native-firebase_messaging] AndroidManifest.xml:36:13-33
77        <meta-data
77-->[:react-native-firebase_messaging] AndroidManifest.xml:37:9-39:32
78            android:name="com.google.firebase.messaging.default_notification_channel_id"
78-->[:react-native-firebase_messaging] AndroidManifest.xml:38:13-89
79            android:value="" />
79-->[:react-native-firebase_messaging] AndroidManifest.xml:39:13-29
80        <meta-data
80-->[:react-native-firebase_messaging] AndroidManifest.xml:40:9-42:47
81            android:name="com.google.firebase.messaging.default_notification_color"
81-->[:react-native-firebase_messaging] AndroidManifest.xml:41:13-84
82            android:resource="@color/white" />
82-->[:react-native-firebase_messaging] AndroidManifest.xml:42:13-44
83        <meta-data
83-->[:react-native-firebase_app] AndroidManifest.xml:12:9-14:36
84            android:name="app_data_collection_default_enabled"
84-->[:react-native-firebase_app] AndroidManifest.xml:13:13-63
85            android:value="true" />
85-->[:react-native-firebase_app] AndroidManifest.xml:14:13-33
86
87        <service
87-->[:react-native-firebase_app] AndroidManifest.xml:16:9-20:19
88            android:name="com.google.firebase.components.ComponentDiscoveryService"
88-->[:react-native-firebase_app] AndroidManifest.xml:16:18-89
89            android:directBootAware="true"
89-->[com.google.firebase:firebase-common:20.0.0] AndroidManifest.xml:35:13-43
90            android:exported="false" >
90-->[com.google.firebase:firebase-messaging:22.0.0] AndroidManifest.xml:51:13-37
91            <meta-data
91-->[:react-native-firebase_app] AndroidManifest.xml:17:13-19:85
92                android:name="com.google.firebase.components:io.invertase.firebase.app.ReactNativeFirebaseAppRegistrar"
92-->[:react-native-firebase_app] AndroidManifest.xml:18:17-120
93                android:value="com.google.firebase.components.ComponentRegistrar" />
93-->[:react-native-firebase_app] AndroidManifest.xml:19:17-82
94            <meta-data
94-->[com.google.firebase:firebase-messaging:22.0.0] AndroidManifest.xml:52:13-54:85
95                android:name="com.google.firebase.components:com.google.firebase.messaging.FirebaseMessagingRegistrar"
95-->[com.google.firebase:firebase-messaging:22.0.0] AndroidManifest.xml:53:17-119
96                android:value="com.google.firebase.components.ComponentRegistrar" />
96-->[com.google.firebase:firebase-messaging:22.0.0] AndroidManifest.xml:54:17-82
97            <meta-data
97-->[com.google.firebase:firebase-datatransport:18.0.0] AndroidManifest.xml:28:13-30:85
98                android:name="com.google.firebase.components:com.google.firebase.datatransport.TransportRegistrar"
98-->[com.google.firebase:firebase-datatransport:18.0.0] AndroidManifest.xml:29:17-115
99                android:value="com.google.firebase.components.ComponentRegistrar" />
99-->[com.google.firebase:firebase-datatransport:18.0.0] AndroidManifest.xml:30:17-82
100            <meta-data
100-->[com.google.firebase:firebase-installations:17.0.0] AndroidManifest.xml:18:13-20:85
101                android:name="com.google.firebase.components:com.google.firebase.installations.FirebaseInstallationsRegistrar"
101-->[com.google.firebase:firebase-installations:17.0.0] AndroidManifest.xml:19:17-127
102                android:value="com.google.firebase.components.ComponentRegistrar" />
102-->[com.google.firebase:firebase-installations:17.0.0] AndroidManifest.xml:20:17-82
103        </service>
104
105        <provider
105-->[:react-native-firebase_app] AndroidManifest.xml:22:9-26:38
106            android:name="io.invertase.firebase.app.ReactNativeFirebaseAppInitProvider"
106-->[:react-native-firebase_app] AndroidManifest.xml:23:13-88
107            android:authorities="vn.weathervietnam.jicamobileapp.reactnativefirebaseappinitprovider"
107-->[:react-native-firebase_app] AndroidManifest.xml:24:13-86
108            android:exported="false"
108-->[:react-native-firebase_app] AndroidManifest.xml:25:13-37
109            android:initOrder="99" />
109-->[:react-native-firebase_app] AndroidManifest.xml:26:13-35
110        <provider
110-->[:react-native-webview] AndroidManifest.xml:12:9-20:20
111            android:name="com.reactnativecommunity.webview.RNCWebViewFileProvider"
111-->[:react-native-webview] AndroidManifest.xml:13:13-83
112            android:authorities="vn.weathervietnam.jicamobileapp.fileprovider"
112-->[:react-native-webview] AndroidManifest.xml:14:13-64
113            android:exported="false"
113-->[:react-native-webview] AndroidManifest.xml:15:13-37
114            android:grantUriPermissions="true" >
114-->[:react-native-webview] AndroidManifest.xml:16:13-47
115            <meta-data
115-->[:react-native-webview] AndroidManifest.xml:17:13-19:63
116                android:name="android.support.FILE_PROVIDER_PATHS"
116-->[:react-native-webview] AndroidManifest.xml:18:17-67
117                android:resource="@xml/file_provider_paths" />
117-->[:react-native-webview] AndroidManifest.xml:19:17-60
118        </provider>
119
120        <receiver
120-->[com.google.firebase:firebase-messaging:22.0.0] AndroidManifest.xml:28:9-35:20
121            android:name="com.google.firebase.iid.FirebaseInstanceIdReceiver"
121-->[com.google.firebase:firebase-messaging:22.0.0] AndroidManifest.xml:29:13-78
122            android:exported="true"
122-->[com.google.firebase:firebase-messaging:22.0.0] AndroidManifest.xml:30:13-36
123            android:permission="com.google.android.c2dm.permission.SEND" >
123-->[com.google.firebase:firebase-messaging:22.0.0] AndroidManifest.xml:31:13-73
124            <intent-filter>
124-->[:react-native-firebase_messaging] AndroidManifest.xml:29:13-31:29
125                <action android:name="com.google.android.c2dm.intent.RECEIVE" />
125-->[:react-native-firebase_messaging] AndroidManifest.xml:30:17-81
125-->[:react-native-firebase_messaging] AndroidManifest.xml:30:25-78
126            </intent-filter>
127        </receiver>
128        <!--
129             FirebaseMessagingService performs security checks at runtime,
130             but set to not exported to explicitly avoid allowing another app to call it.
131        -->
132        <service
132-->[com.google.firebase:firebase-messaging:22.0.0] AndroidManifest.xml:41:9-48:19
133            android:name="com.google.firebase.messaging.FirebaseMessagingService"
133-->[com.google.firebase:firebase-messaging:22.0.0] AndroidManifest.xml:42:13-82
134            android:directBootAware="true"
134-->[com.google.firebase:firebase-messaging:22.0.0] AndroidManifest.xml:43:13-43
135            android:exported="false" >
135-->[com.google.firebase:firebase-messaging:22.0.0] AndroidManifest.xml:44:13-37
136            <intent-filter android:priority="-500" >
136-->[:react-native-firebase_messaging] AndroidManifest.xml:20:13-22:29
137                <action android:name="com.google.firebase.MESSAGING_EVENT" />
137-->[:react-native-firebase_messaging] AndroidManifest.xml:21:17-78
137-->[:react-native-firebase_messaging] AndroidManifest.xml:21:25-75
138            </intent-filter>
139        </service>
140        <service
140-->[com.google.android.datatransport:transport-backend-cct:3.0.0] AndroidManifest.xml:29:9-35:19
141            android:name="com.google.android.datatransport.runtime.backends.TransportBackendDiscovery"
141-->[com.google.android.datatransport:transport-backend-cct:3.0.0] AndroidManifest.xml:30:13-103
142            android:exported="false" >
142-->[com.google.android.datatransport:transport-backend-cct:3.0.0] AndroidManifest.xml:31:13-37
143            <meta-data
143-->[com.google.android.datatransport:transport-backend-cct:3.0.0] AndroidManifest.xml:32:13-34:39
144                android:name="backend:com.google.android.datatransport.cct.CctBackendFactory"
144-->[com.google.android.datatransport:transport-backend-cct:3.0.0] AndroidManifest.xml:33:17-94
145                android:value="cct" />
145-->[com.google.android.datatransport:transport-backend-cct:3.0.0] AndroidManifest.xml:34:17-36
146        </service>
147        <service
147-->[com.google.android.datatransport:transport-runtime:3.0.0] AndroidManifest.xml:26:9-30:19
148            android:name="com.google.android.datatransport.runtime.scheduling.jobscheduling.JobInfoSchedulerService"
148-->[com.google.android.datatransport:transport-runtime:3.0.0] AndroidManifest.xml:27:13-117
149            android:exported="false"
149-->[com.google.android.datatransport:transport-runtime:3.0.0] AndroidManifest.xml:28:13-37
150            android:permission="android.permission.BIND_JOB_SERVICE" >
150-->[com.google.android.datatransport:transport-runtime:3.0.0] AndroidManifest.xml:29:13-69
151        </service>
152
153        <receiver
153-->[com.google.android.datatransport:transport-runtime:3.0.0] AndroidManifest.xml:32:9-34:40
154            android:name="com.google.android.datatransport.runtime.scheduling.jobscheduling.AlarmManagerSchedulerBroadcastReceiver"
154-->[com.google.android.datatransport:transport-runtime:3.0.0] AndroidManifest.xml:33:13-132
155            android:exported="false" />
155-->[com.google.android.datatransport:transport-runtime:3.0.0] AndroidManifest.xml:34:13-37
156
157        <meta-data
157-->[com.github.bumptech.glide:okhttp3-integration:4.11.0] AndroidManifest.xml:11:9-13:43
158            android:name="com.bumptech.glide.integration.okhttp3.OkHttpGlideModule"
158-->[com.github.bumptech.glide:okhttp3-integration:4.11.0] AndroidManifest.xml:12:13-84
159            android:value="GlideModule" />
159-->[com.github.bumptech.glide:okhttp3-integration:4.11.0] AndroidManifest.xml:13:13-40
160
161        <activity
161-->[com.google.android.gms:play-services-auth:19.2.0] AndroidManifest.xml:23:9-27:75
162            android:name="com.google.android.gms.auth.api.signin.internal.SignInHubActivity"
162-->[com.google.android.gms:play-services-auth:19.2.0] AndroidManifest.xml:24:13-93
163            android:excludeFromRecents="true"
163-->[com.google.android.gms:play-services-auth:19.2.0] AndroidManifest.xml:25:13-46
164            android:exported="false"
164-->[com.google.android.gms:play-services-auth:19.2.0] AndroidManifest.xml:26:13-37
165            android:theme="@android:style/Theme.Translucent.NoTitleBar" />
165-->[com.google.android.gms:play-services-auth:19.2.0] AndroidManifest.xml:27:13-72
166        <!--
167            Service handling Google Sign-In user revocation. For apps that do not integrate with
168            Google Sign-In, this service will never be started.
169        -->
170        <service
170-->[com.google.android.gms:play-services-auth:19.2.0] AndroidManifest.xml:33:9-37:51
171            android:name="com.google.android.gms.auth.api.signin.RevocationBoundService"
171-->[com.google.android.gms:play-services-auth:19.2.0] AndroidManifest.xml:34:13-89
172            android:exported="true"
172-->[com.google.android.gms:play-services-auth:19.2.0] AndroidManifest.xml:35:13-36
173            android:permission="com.google.android.gms.auth.api.signin.permission.REVOCATION_NOTIFICATION"
173-->[com.google.android.gms:play-services-auth:19.2.0] AndroidManifest.xml:36:13-107
174            android:visibleToInstantApps="true" />
174-->[com.google.android.gms:play-services-auth:19.2.0] AndroidManifest.xml:37:13-48
175
176        <activity
176-->[com.google.android.gms:play-services-base:17.5.0] AndroidManifest.xml:23:9-26:75
177            android:name="com.google.android.gms.common.api.GoogleApiActivity"
177-->[com.google.android.gms:play-services-base:17.5.0] AndroidManifest.xml:24:13-79
178            android:exported="false"
178-->[com.google.android.gms:play-services-base:17.5.0] AndroidManifest.xml:25:13-37
179            android:theme="@android:style/Theme.Translucent.NoTitleBar" />
179-->[com.google.android.gms:play-services-base:17.5.0] AndroidManifest.xml:26:13-72
180
181        <provider
181-->[com.google.firebase:firebase-common:20.0.0] AndroidManifest.xml:26:9-31:39
182            android:name="com.google.firebase.provider.FirebaseInitProvider"
182-->[com.google.firebase:firebase-common:20.0.0] AndroidManifest.xml:27:13-77
183            android:authorities="vn.weathervietnam.jicamobileapp.firebaseinitprovider"
183-->[com.google.firebase:firebase-common:20.0.0] AndroidManifest.xml:28:13-72
184            android:directBootAware="true"
184-->[com.google.firebase:firebase-common:20.0.0] AndroidManifest.xml:29:13-43
185            android:exported="false"
185-->[com.google.firebase:firebase-common:20.0.0] AndroidManifest.xml:30:13-37
186            android:initOrder="100" />
186-->[com.google.firebase:firebase-common:20.0.0] AndroidManifest.xml:31:13-36
187
188        <meta-data
188-->[com.google.android.gms:play-services-basement:17.5.0] AndroidManifest.xml:23:9-25:69
189            android:name="com.google.android.gms.version"
189-->[com.google.android.gms:play-services-basement:17.5.0] AndroidManifest.xml:24:13-58
190            android:value="@integer/google_play_services_version" />
190-->[com.google.android.gms:play-services-basement:17.5.0] AndroidManifest.xml:25:13-66
191    </application>
192
193</manifest>